commit 9fd6026e5be2b00a81452e744edc1de64cada847
Author: Sam Klein <sklein@autonomoustuff.com>
Date:   Sun May 12 02:38:21 2019 +0000

    update

commit 2af14cc11bfdff931d27d817a2cfc1fd66932a78
Author: Sam Klein <sklein@autonomoustuff.com>
Date:   Fri Apr 12 13:02:35 2019 -0500

    update

commit ea3c97a1baa7e8c61de41dca8f82f129a76b2595
Author: Sam Klein <sklein@autonomoustuff.com>
Date:   Fri Mar 22 08:55:11 2019 -0500

    update

commit fe0f56f3abe55910c1c267854fe24a392805ee3b
Author: Sam Klein <sklein@autonomoustuff.com>
Date:   Mon Mar 18 11:07:32 2019 -0500

    update

commit a91cd354b3235143acf9d30204903102b343f6ec
Author: Sam Klein <sklein@autonomoustuff.com>
Date:   Sat Mar 16 12:57:43 2019 -0500

    update

commit c3be19e4cb321322245d6efc46e580d595bc77ce
Author: Sam Klein <sklein@autonomoustuff.com>
Date:   Fri Mar 15 11:20:10 2019 -0500

    update

commit 6cca3c5c66210e92c1cefa17019aa8efd3d97e9b
Author: Sam Klein <sklein@autonomoustuff.com>
Date:   Fri Mar 15 10:03:46 2019 -0500

    push

commit 1f6d84d658a163d816db5413171e2663f8809f50
Author: Sam Klein <1851902-sklein@users.noreply.gitlab.com>
Date:   Sun Mar 3 21:17:38 2019 -0600

    update rhodes

commit f0a169cdc64310d7db2375fa98ded7cfde8fb5a7
Author: Sam Klein <1851902-sklein@users.noreply.gitlab.com>
Date:   Sun Mar 3 21:15:29 2019 -0600

    date added to show

commit 44ea25c425e78e95c7d0f958e51d8850d8f052fe
Author: Sam Klein <1851902-sklein@users.noreply.gitlab.com>
Date:   Sun Mar 3 21:03:27 2019 -0600

    create comment

commit 583a175322f68246de1cfe3d0109de9cd72bb579
Author: Sam Klein <1851902-sklein@users.noreply.gitlab.com>
Date:   Sun Mar 3 20:36:30 2019 -0600

    modify tickets

commit 3f5d33024a3ad402c6c1ee6d9feff9fdf00def57
Author: Sam Klein <samuelklein@acm.org>
Date:   Wed Jan 30 20:45:07 2019 -0600

    init push

commit ef3b9ed8db2ca145a692488b92eb27e7171e7e14
Author: Sam Klein <1851902-sklein@users.noreply.gitlab.com>
Date:   Thu Jan 31 02:04:39 2019 +0000

    Add LICENSE

commit b338955d5c60d2809a93d374f63145431744211e
Author: Sam Klein <1851902-sklein@users.noreply.gitlab.com>
Date:   Thu Jan 31 02:02:22 2019 +0000

    Initial commit
